Assuming unrestricted shared filesystem usage.
host: bioinfo
Building DAG of jobs...
Your conda installation is not configured to use strict channel priorities. This is however important for having robust and correct environments (for details, see https://conda-forge.org/docs/user/tipsandtricks.html). Please consider to configure strict priorities by executing 'conda config --set channel_priority strict'.
Using shell: /usr/bin/bash
Provided cores: 10
Rules claiming more threads will be scaled down.
Provided resources: kraken_jobs=1, alignment_jobs=5, iqtree_jobs=3
Job stats:
job                 count
----------------  -------
all                     1
download_taxdump        1
recentrifuge            1
total                   3

Select jobs to execute...
Execute 1 jobs...
[Sun Jan 18 19:51:15 2026]
Job 7: --- [TAXONOMY] Downloading NCBI taxonomy database ---
Reason: Missing output files: 02.tax-classification/tax_dump; Code has changed since last execution
Activating conda environment: ../../../tmp/mockdir/conda_envs/50f29b3698e5404d344efee5f51d5ce6_
[Sun Jan 18 19:51:40 2026]
Finished jobid: 7 (Rule: download_taxdump)
1 of 3 steps (33%) done
Select jobs to execute...
Execute 1 jobs...
[Sun Jan 18 19:51:40 2026]
Job 4: --- [TAXONOMY] Recentrifuge: Generating taxonomic report ---
Reason: Missing output files: 02.tax-classification/recentrifuge_report.html; Input files updated by another job: 02.tax-classification/tax_dump
Activating conda environment: ../../../tmp/mockdir/conda_envs/50f29b3698e5404d344efee5f51d5ce6_
[Sun Jan 18 19:51:52 2026]
Finished jobid: 4 (Rule: recentrifuge)
2 of 3 steps (67%) done
Removing temporary output 02.tax-classification/sample1.krk.
Removing temporary output 02.tax-classification/sample2-nc.krk.
Removing temporary output 02.tax-classification/tax_dump.
Select jobs to execute...
Execute 1 jobs...
[Sun Jan 18 19:51:52 2026]
localrule all:
    input: 01.pre-processing/quality_control_report.html, 02.tax-classification/recentrifuge_report.html, 02.tax-classification/xf_taxid_2370/sample1_R1.fastq.gz, 02.tax-classification/xf_taxid_2370/sample2-nc_R1.fastq.gz, 02.tax-classification/xf_taxid_2370/sample1_R2.fastq.gz, 02.tax-classification/xf_taxid_2370/sample2-nc_R2.fastq.gz, 03.probes_reconstruction/stats/sample1_mapped_stats.tsv, 03.probes_reconstruction/stats/sample2-nc_mapped_stats.tsv, 03.probes_reconstruction/consensus/sample1_cns_filtered.fasta, 03.probes_reconstruction/consensus/sample2-nc_cns_filtered.fasta, 03.probes_reconstruction/stats/sample1_recon_stats.tsv, 03.probes_reconstruction/stats/sample2-nc_recon_stats.tsv, 03.probes_reconstruction/reconstruction_summary.xlsx, 03.probes_reconstruction/unmapped/sample1_unmapped_R1.fastq.gz, 03.probes_reconstruction/unmapped/sample2-nc_unmapped_R1.fastq.gz, 03.probes_reconstruction/unmapped/sample1_unmapped_R2.fastq.gz, 03.probes_reconstruction/unmapped/sample2-nc_unmapped_R2.fastq.gz, 04.mlst-typing/mlst_identification.csv, 03.probes_reconstruction/checkpoint/sample1_reconstruction_check.txt, 03.probes_reconstruction/checkpoint/sample2-nc_reconstruction_check.txt
    jobid: 0
    reason: Input files updated by another job: 02.tax-classification/recentrifuge_report.html
    resources: tmpdir=/tmp
[Sun Jan 18 19:51:52 2026]
Finished jobid: 0 (Rule: all)
3 of 3 steps (100%) done
Complete log(s): /home/luisagi/github/XfCapture/.snakemake/log/2026-01-18T195112.139848.snakemake.log
