Assuming unrestricted shared filesystem usage.
host: bioinfo
Building DAG of jobs...
Your conda installation is not configured to use strict channel priorities. This is however important for having robust and correct environments (for details, see https://conda-forge.org/docs/user/tipsandtricks.html). Please consider to configure strict priorities by executing 'conda config --set channel_priority strict'.
Using shell: /usr/bin/bash
Provided cores: 10
Rules claiming more threads will be scaled down.
Provided resources: kraken_jobs=1, alignment_jobs=5, iqtree_jobs=3
Job stats:
job                              count
-----------------------------  -------
align_and_trim_genes                 1
extract_genes_from_references        1
phylogenetic_analysis                1
phylogeny_phase                      1
plot_tree                            1
prepare_alignment_files              1
total                                6

Select jobs to execute...
Execute 1 jobs...
[Sun Jan 18 19:52:00 2026]
Job 15: --- [PHYLO] Extracting genes from reference genomes ---
Reason: Missing output files: 05.phylogenetic_trees/refs/CFBP13585/CFBP13585.bed.fasta, 05.phylogenetic_trees/refs/PD7211/PD7211.bed.fasta, 05.phylogenetic_trees/refs/EB92_1/EB92_1.bed.fasta, 05.phylogenetic_trees/refs/Riv16/Riv16.bed.fasta, 05.phylogenetic_trees/refs/TemeculaL/TemeculaL.bed.fasta, 05.phylogenetic_trees/refs/IAS-AXF212H7/IAS-AXF212H7.bed.fasta, 05.phylogenetic_trees/refs/Ma26/Ma26.bed.fasta, 05.phylogenetic_trees/refs/WM1-1/WM1-1.bed.fasta, 05.phylogenetic_trees/refs/AM2-Angelina/AM2-Angelina.bed.fasta, 05.phylogenetic_trees/refs/Dixon/Dixon.bed.fasta, 05.phylogenetic_trees/refs/XF64-2/XF64-2.bed.fasta, 05.phylogenetic_trees/refs/CVC0256/CVC0256.bed.fasta, 05.phylogenetic_trees/refs/GV230/GV230.bed.fasta, 05.phylogenetic_trees/refs/CFBP8431/CFBP8431.bed.fasta, 05.phylogenetic_trees/refs/CFBP13591/CFBP13591.bed.fasta, 05.phylogenetic_trees/refs/XF71-BR/XF71-BR.bed.fasta, 05.phylogenetic_trees/refs/CFBP7970/CFBP7970.bed.fasta, 05.phylogenetic_trees/refs/GV156/GV156.bed.fasta, 05.phylogenetic_trees/refs/BB08-1/BB08-1.bed.fasta, 05.phylogenetic_trees/refs/Ma1/Ma1.bed.fasta, 05.phylogenetic_trees/refs/Ann-1/Ann-1.bed.fasta, 05.phylogenetic_trees/refs/Bakersfield-1/Bakersfield-1.bed.fasta, 05.phylogenetic_trees/refs/CFBP8082/CFBP8082.bed.fasta, 05.phylogenetic_trees/refs/OLS0478/OLS0478.bed.fasta, 05.phylogenetic_trees/refs/CFBP8433/CFBP8433.bed.fasta, 05.phylogenetic_trees/refs/6c/6c.bed.fasta, 05.phylogenetic_trees/refs/RAAR14_plum327/RAAR14_plum327.bed.fasta, 05.phylogenetic_trees/refs/50080/50080.bed.fasta, 05.phylogenetic_trees/refs/IVIA5901/IVIA5901.bed.fasta, 05.phylogenetic_trees/refs/XYL468/XYL468.bed.fasta, 05.phylogenetic_trees/refs/Red_Oak_8/Red_Oak_8.bed.fasta, 05.phylogenetic_trees/refs/OC8/OC8.bed.fasta, 05.phylogenetic_trees/refs/Hib4/Hib4.bed.fasta, 05.phylogenetic_trees/refs/IAS-AXF235T10/IAS-AXF235T10.bed.fasta, 05.phylogenetic_trees/refs/OLS0479/OLS0479.bed.fasta, 05.phylogenetic_trees/refs/RAAR6_Butte/RAAR6_Butte.bed.fasta, 05.phylogenetic_trees/refs/CFBP8070/CFBP8070.bed.fasta, 05.phylogenetic_trees/refs/Riv13/Riv13.bed.fasta, 05.phylogenetic_trees/refs/CoDiRo/CoDiRo.bed.fasta, 05.phylogenetic_trees/refs/CFBP8068/CFBP8068.bed.fasta, 05.phylogenetic_trees/refs/ATCC35879/ATCC35879.bed.fasta, 05.phylogenetic_trees/refs/OLI17A/OLI17A.bed.fasta, 05.phylogenetic_trees/refs/11399/11399.bed.fasta, 05.phylogenetic_trees/refs/Oak_35874/Oak_35874.bed.fasta, 05.phylogenetic_trees/refs/MUL0034/MUL0034.bed.fasta, 05.phylogenetic_trees/refs/U24D/U24D.bed.fasta, 05.phylogenetic_trees/refs/Griffin-1/Griffin-1.bed.fasta, 05.phylogenetic_trees/refs/ICMP15197/ICMP15197.bed.fasta, 05.phylogenetic_trees/refs/VB11/VB11.bed.fasta, 05.phylogenetic_trees/refs/CFBP8071/CFBP8071.bed.fasta, 05.phylogenetic_trees/refs/9a5c/9a5c.bed.fasta, 05.phylogenetic_trees/refs/ESVL/ESVL.bed.fasta, 05.phylogenetic_trees/refs/BBI64/BBI64.bed.fasta, 05.phylogenetic_trees/refs/CO33/CO33.bed.fasta, 05.phylogenetic_trees/refs/Alm_Lz_1/Alm_Lz_1.bed.fasta, 05.phylogenetic_trees/refs/GB514/GB514.bed.fasta, 05.phylogenetic_trees/refs/B111/B111.bed.fasta, 05.phylogenetic_trees/refs/LA-Y3C/LA-Y3C.bed.fasta, 05.phylogenetic_trees/refs/TPD3/TPD3.bed.fasta, 05.phylogenetic_trees/refs/Temecula1/Temecula1.bed.fasta, 05.phylogenetic_trees/refs/Stags_Leap/Stags_Leap.bed.fasta, 05.phylogenetic_trees/refs/R2XF4358_18/R2XF4358_18.bed.fasta, 05.phylogenetic_trees/refs/sycamore_Sy-VA/sycamore_Sy-VA.bed.fasta, 05.phylogenetic_trees/refs/NOB1/NOB1.bed.fasta, 05.phylogenetic_trees/refs/Fb7/Fb7.bed.fasta, 05.phylogenetic_trees/refs/CFBP8073/CFBP8073.bed.fasta, 05.phylogenetic_trees/refs/RH1/RH1.bed.fasta, 05.phylogenetic_trees/refs/J1a12/J1a12.bed.fasta, 05.phylogenetic_trees/refs/CFBP13631/CFBP13631.bed.fasta, 05.phylogenetic_trees/refs/CFBP8075/CFBP8075.bed.fasta, 05.phylogenetic_trees/refs/Santa29b/Santa29b.bed.fasta, 05.phylogenetic_trees/refs/CFBP8072/CFBP8072.bed.fasta, 05.phylogenetic_trees/refs/Salento-2/Salento-2.bed.fasta, 05.phylogenetic_trees/refs, 05.phylogenetic_trees/refs/Salento-1/Salento-1.bed.fasta, 05.phylogenetic_trees/refs/RAAR7_Conn_Creek/RAAR7_Conn_Creek.bed.fasta, 05.phylogenetic_trees/refs/TPD4/TPD4.bed.fasta, 05.phylogenetic_trees/refs/M12/M12.bed.fasta, 05.phylogenetic_trees/refs/BB01/BB01.bed.fasta, 05.phylogenetic_trees/refs/COF0324/COF0324.bed.fasta, 05.phylogenetic_trees/refs/PD7202/PD7202.bed.fasta, 05.phylogenetic_trees/refs/IVIA5770/IVIA5770.bed.fasta, 05.phylogenetic_trees/refs/RAAR8_Xf70/RAAR8_Xf70.bed.fasta, 05.phylogenetic_trees/refs/CFBP7969/CFBP7969.bed.fasta, 05.phylogenetic_trees/refs/Mul-MD/Mul-MD.bed.fasta, 05.phylogenetic_trees/refs/Riv25/Riv25.bed.fasta, 05.phylogenetic_trees/refs/RAAR10_CV17-3/RAAR10_CV17-3.bed.fasta, 05.phylogenetic_trees/refs/Riv5/Riv5.bed.fasta, 05.phylogenetic_trees/refs/XF-3967_18/XF-3967_18.bed.fasta, 05.phylogenetic_trees/refs/Fillmore/Fillmore.bed.fasta, 05.phylogenetic_trees/refs/Riv11/Riv11.bed.fasta, 05.phylogenetic_trees/refs/CFBP8351/CFBP8351.bed.fasta, 05.phylogenetic_trees/refs/50066/50066.bed.fasta, 05.phylogenetic_trees/refs/LM10/LM10.bed.fasta, 05.phylogenetic_trees/refs/XF-3960_18/XF-3960_18.bed.fasta, 05.phylogenetic_trees/refs/M23/M23.bed.fasta, 05.phylogenetic_trees/refs/IVIA5235/IVIA5235.bed.fasta, 05.phylogenetic_trees/refs/EB92.1/EB92.1.bed.fasta, 05.phylogenetic_trees/refs/ICMP8739/ICMP8739.bed.fasta, 05.phylogenetic_trees/refs/CFBP8478/CFBP8478.bed.fasta, 05.phylogenetic_trees/refs/AlmaReb2/AlmaReb2.bed.fasta, 05.phylogenetic_trees/refs/De_Donno/De_Donno.bed.fasta, 05.phylogenetic_trees/refs/CFBP8083/CFBP8083.bed.fasta, 05.phylogenetic_trees/refs/AlmaEM3/AlmaEM3.bed.fasta, 05.phylogenetic_trees/refs/DSM10026/DSM10026.bed.fasta, 05.phylogenetic_trees/refs/COF0407/COF0407.bed.fasta, 05.phylogenetic_trees/refs/Pr8x/Pr8x.bed.fasta, 05.phylogenetic_trees/refs/CFBP8356/CFBP8356.bed.fasta, 05.phylogenetic_trees/refs/ATCC35873/ATCC35873.bed.fasta, 05.phylogenetic_trees/refs/32/32.bed.fasta, 05.phylogenetic_trees/refs/ATCC35874/ATCC35874.bed.fasta, 05.phylogenetic_trees/refs/OK3/OK3.bed.fasta, 05.phylogenetic_trees/refs/IVIA11529/IVIA11529.bed.fasta, 05.phylogenetic_trees/refs/IVIA6586-2/IVIA6586-2.bed.fasta, 05.phylogenetic_trees/refs/TOS14/TOS14.bed.fasta, 05.phylogenetic_trees/refs/CFBP8078/CFBP8078.bed.fasta, 05.phylogenetic_trees/refs/3124/3124.bed.fasta, 05.phylogenetic_trees/refs/ALM4/ALM4.bed.fasta, 05.phylogenetic_trees/refs/CFBP8418/CFBP8418.bed.fasta, 05.phylogenetic_trees/refs/Riv19/Riv19.bed.fasta
Activating conda environment: ../../../tmp/mockdir/conda_envs/f5b7bfe766394be0c25328fb5370fa6c_
[Sun Jan 18 19:52:48 2026]
Finished jobid: 15 (Rule: extract_genes_from_references)
1 of 6 steps (17%) done
Select jobs to execute...
Execute 1 jobs...
[Sun Jan 18 19:52:48 2026]
Job 16: --- [PHYLO] Preparing alignment files for sample1 ---
Reason: Missing output files: 05.phylogenetic_trees/sample1/genes_ids.txt, 05.phylogenetic_trees/sample1/genes; Input files updated by another job: 05.phylogenetic_trees/refs/CFBP13585/CFBP13585.bed.fasta, 05.phylogenetic_trees/refs/PD7211/PD7211.bed.fasta, 05.phylogenetic_trees/refs/TPD3/TPD3.bed.fasta, 05.phylogenetic_trees/refs/EB92_1/EB92_1.bed.fasta, 05.phylogenetic_trees/refs/Temecula1/Temecula1.bed.fasta, 05.phylogenetic_trees/refs/Stags_Leap/Stags_Leap.bed.fasta, 05.phylogenetic_trees/refs/Riv16/Riv16.bed.fasta, 05.phylogenetic_trees/refs/R2XF4358_18/R2XF4358_18.bed.fasta, 05.phylogenetic_trees/refs/TemeculaL/TemeculaL.bed.fasta, 05.phylogenetic_trees/refs/IAS-AXF212H7/IAS-AXF212H7.bed.fasta, 05.phylogenetic_trees/refs/Ma26/Ma26.bed.fasta, 05.phylogenetic_trees/refs/CFBP8418/CFBP8418.bed.fasta, 05.phylogenetic_trees/refs/sycamore_Sy-VA/sycamore_Sy-VA.bed.fasta, 05.phylogenetic_trees/refs/NOB1/NOB1.bed.fasta, 05.phylogenetic_trees/refs/Fb7/Fb7.bed.fasta, 05.phylogenetic_trees/refs/WM1-1/WM1-1.bed.fasta, 05.phylogenetic_trees/refs/CFBP8073/CFBP8073.bed.fasta, 05.phylogenetic_trees/refs/RH1/RH1.bed.fasta, 05.phylogenetic_trees/refs/AM2-Angelina/AM2-Angelina.bed.fasta, 05.phylogenetic_trees/refs/J1a12/J1a12.bed.fasta, 05.phylogenetic_trees/refs/CFBP13631/CFBP13631.bed.fasta, 05.phylogenetic_trees/refs/CFBP8075/CFBP8075.bed.fasta, 05.phylogenetic_trees/refs/Santa29b/Santa29b.bed.fasta, 05.phylogenetic_trees/refs/CFBP8072/CFBP8072.bed.fasta, 05.phylogenetic_trees/refs/Dixon/Dixon.bed.fasta, 05.phylogenetic_trees/refs/Salento-2/Salento-2.bed.fasta, 05.phylogenetic_trees/refs/XF64-2/XF64-2.bed.fasta, 05.phylogenetic_trees/refs, 05.phylogenetic_trees/refs/Salento-1/Salento-1.bed.fasta, 05.phylogenetic_trees/refs/CVC0256/CVC0256.bed.fasta, 05.phylogenetic_trees/refs/RAAR7_Conn_Creek/RAAR7_Conn_Creek.bed.fasta, 05.phylogenetic_trees/refs/GV230/GV230.bed.fasta, 05.phylogenetic_trees/refs/CFBP8431/CFBP8431.bed.fasta, 05.phylogenetic_trees/refs/TPD4/TPD4.bed.fasta, 05.phylogenetic_trees/refs/M12/M12.bed.fasta, 05.phylogenetic_trees/refs/BB01/BB01.bed.fasta, 05.phylogenetic_trees/refs/COF0324/COF0324.bed.fasta, 05.phylogenetic_trees/refs/CFBP13591/CFBP13591.bed.fasta, 05.phylogenetic_trees/refs/PD7202/PD7202.bed.fasta, 05.phylogenetic_trees/refs/XF71-BR/XF71-BR.bed.fasta, 05.phylogenetic_trees/refs/CFBP7970/CFBP7970.bed.fasta, 05.phylogenetic_trees/refs/IVIA5770/IVIA5770.bed.fasta, 05.phylogenetic_trees/refs/RAAR8_Xf70/RAAR8_Xf70.bed.fasta, 05.phylogenetic_trees/refs/CFBP7969/CFBP7969.bed.fasta, 05.phylogenetic_trees/refs/Mul-MD/Mul-MD.bed.fasta, 05.phylogenetic_trees/refs/GV156/GV156.bed.fasta, 05.phylogenetic_trees/refs/BB08-1/BB08-1.bed.fasta, 05.phylogenetic_trees/refs/Riv25/Riv25.bed.fasta, 05.phylogenetic_trees/refs/Ma1/Ma1.bed.fasta, 05.phylogenetic_trees/refs/RAAR10_CV17-3/RAAR10_CV17-3.bed.fasta, 05.phylogenetic_trees/refs/Ann-1/Ann-1.bed.fasta, 05.phylogenetic_trees/refs/Bakersfield-1/Bakersfield-1.bed.fasta, 05.phylogenetic_trees/refs/Riv5/Riv5.bed.fasta, 05.phylogenetic_trees/refs/XF-3967_18/XF-3967_18.bed.fasta, 05.phylogenetic_trees/refs/Fillmore/Fillmore.bed.fasta, 05.phylogenetic_trees/refs/CFBP8082/CFBP8082.bed.fasta, 05.phylogenetic_trees/refs/Riv11/Riv11.bed.fasta, 05.phylogenetic_trees/refs/OLS0478/OLS0478.bed.fasta, 05.phylogenetic_trees/refs/CFBP8351/CFBP8351.bed.fasta, 05.phylogenetic_trees/refs/CFBP8433/CFBP8433.bed.fasta, 05.phylogenetic_trees/refs/6c/6c.bed.fasta, 05.phylogenetic_trees/refs/RAAR14_plum327/RAAR14_plum327.bed.fasta, 05.phylogenetic_trees/refs/50080/50080.bed.fasta, 05.phylogenetic_trees/refs/IVIA5901/IVIA5901.bed.fasta, 05.phylogenetic_trees/refs/50066/50066.bed.fasta, 05.phylogenetic_trees/refs/XYL468/XYL468.bed.fasta, 05.phylogenetic_trees/refs/Red_Oak_8/Red_Oak_8.bed.fasta, 05.phylogenetic_trees/refs/LM10/LM10.bed.fasta, 05.phylogenetic_trees/refs/XF-3960_18/XF-3960_18.bed.fasta, 05.phylogenetic_trees/refs/M23/M23.bed.fasta, 05.phylogenetic_trees/refs/IVIA5235/IVIA5235.bed.fasta, 05.phylogenetic_trees/refs/OC8/OC8.bed.fasta, 05.phylogenetic_trees/refs/EB92.1/EB92.1.bed.fasta, 05.phylogenetic_trees/refs/Hib4/Hib4.bed.fasta, 05.phylogenetic_trees/refs/IAS-AXF235T10/IAS-AXF235T10.bed.fasta, 05.phylogenetic_trees/refs/OLS0479/OLS0479.bed.fasta, 05.phylogenetic_trees/refs/RAAR6_Butte/RAAR6_Butte.bed.fasta, 05.phylogenetic_trees/refs/CFBP8070/CFBP8070.bed.fasta, 05.phylogenetic_trees/refs/Riv13/Riv13.bed.fasta, 05.phylogenetic_trees/refs/ICMP8739/ICMP8739.bed.fasta, 05.phylogenetic_trees/refs/CoDiRo/CoDiRo.bed.fasta, 05.phylogenetic_trees/refs/CFBP8068/CFBP8068.bed.fasta, 05.phylogenetic_trees/refs/ATCC35879/ATCC35879.bed.fasta, 05.phylogenetic_trees/refs/OLI17A/OLI17A.bed.fasta, 05.phylogenetic_trees/refs/CFBP8478/CFBP8478.bed.fasta, 05.phylogenetic_trees/refs/11399/11399.bed.fasta, 05.phylogenetic_trees/refs/AlmaReb2/AlmaReb2.bed.fasta, 05.phylogenetic_trees/refs/De_Donno/De_Donno.bed.fasta, 05.phylogenetic_trees/refs/Oak_35874/Oak_35874.bed.fasta, 05.phylogenetic_trees/refs/MUL0034/MUL0034.bed.fasta, 05.phylogenetic_trees/refs/CFBP8083/CFBP8083.bed.fasta, 05.phylogenetic_trees/refs/AlmaEM3/AlmaEM3.bed.fasta, 05.phylogenetic_trees/refs/U24D/U24D.bed.fasta, 05.phylogenetic_trees/refs/DSM10026/DSM10026.bed.fasta, 05.phylogenetic_trees/refs/COF0407/COF0407.bed.fasta, 05.phylogenetic_trees/refs/Griffin-1/Griffin-1.bed.fasta, 05.phylogenetic_trees/refs/ICMP15197/ICMP15197.bed.fasta, 05.phylogenetic_trees/refs/VB11/VB11.bed.fasta, 05.phylogenetic_trees/refs/Pr8x/Pr8x.bed.fasta, 05.phylogenetic_trees/refs/CFBP8071/CFBP8071.bed.fasta, 05.phylogenetic_trees/refs/9a5c/9a5c.bed.fasta, 05.phylogenetic_trees/refs/ESVL/ESVL.bed.fasta, 05.phylogenetic_trees/refs/CFBP8356/CFBP8356.bed.fasta, 05.phylogenetic_trees/refs/ATCC35873/ATCC35873.bed.fasta, 05.phylogenetic_trees/refs/32/32.bed.fasta, 05.phylogenetic_trees/refs/ATCC35874/ATCC35874.bed.fasta, 05.phylogenetic_trees/refs/OK3/OK3.bed.fasta, 05.phylogenetic_trees/refs/BBI64/BBI64.bed.fasta, 05.phylogenetic_trees/refs/CO33/CO33.bed.fasta, 05.phylogenetic_trees/refs/IVIA11529/IVIA11529.bed.fasta, 05.phylogenetic_trees/refs/IVIA6586-2/IVIA6586-2.bed.fasta, 05.phylogenetic_trees/refs/Alm_Lz_1/Alm_Lz_1.bed.fasta, 05.phylogenetic_trees/refs/TOS14/TOS14.bed.fasta, 05.phylogenetic_trees/refs/CFBP8078/CFBP8078.bed.fasta, 05.phylogenetic_trees/refs/GB514/GB514.bed.fasta, 05.phylogenetic_trees/refs/3124/3124.bed.fasta, 05.phylogenetic_trees/refs/ALM4/ALM4.bed.fasta, 05.phylogenetic_trees/refs/B111/B111.bed.fasta, 05.phylogenetic_trees/refs/LA-Y3C/LA-Y3C.bed.fasta, 05.phylogenetic_trees/refs/Riv19/Riv19.bed.fasta
Activating conda environment: ../../../tmp/mockdir/conda_envs/5edaf1ea88acd7002a4b07a63a9e017c_
[Sun Jan 18 19:53:34 2026]
Finished jobid: 16 (Rule: prepare_alignment_files)
2 of 6 steps (33%) done
Select jobs to execute...
Execute 1 jobs...
[Sun Jan 18 19:53:34 2026]
Job 17: --- [PHYLO] Aligning genes for sample1 ---
Reason: Missing output files: 05.phylogenetic_trees/sample1/alignment_summary.txt; Input files updated by another job: 05.phylogenetic_trees/sample1/genes_ids.txt, 05.phylogenetic_trees/sample1/genes
Activating conda environment: ../../../tmp/mockdir/conda_envs/8b537158398ccf31fef7aa2deeccb2f2_
[Sun Jan 18 20:06:42 2026]
Finished jobid: 17 (Rule: align_and_trim_genes)
3 of 6 steps (50%) done
Removing temporary output 05.phylogenetic_trees/sample1/genes.
Select jobs to execute...
Execute 1 jobs...
[Sun Jan 18 20:06:42 2026]
Job 18: --- [PHYLO] Building phylogenetic tree for sample1 ---
Reason: Missing output files: 05.phylogenetic_trees/sample1/consensus_tree/sample1.contree; Input files updated by another job: 05.phylogenetic_trees/sample1/alignment_summary.txt, 05.phylogenetic_trees/sample1/genes_ids.txt
Activating conda environment: ../../../tmp/mockdir/conda_envs/8b537158398ccf31fef7aa2deeccb2f2_
Terminating processes on user request, this might take some time.
RuleException:
CalledProcessError in file "/home/luisagi/github/XfCapture/Snakefile", line 902:
Command 'source /home/luisagi/miniconda3/bin/activate '/home/luisagi/tmp/mockdir/conda_envs/8b537158398ccf31fef7aa2deeccb2f2_'; set -euo pipefail;  
        mkdir -p 05.phylogenetic_trees/sample1/consensus_tree

        # Concatenate alignments using AMAS
        AMAS.py concat             --in-files 05.phylogenetic_trees/sample1/alignments/*_alignment_clipkitted.fasta             --in-format fasta             --data-type dna             --concat-out 05.phylogenetic_trees/sample1/consensus_tree/sample1_concatenated_alignment.phy             --out-format phylip             --concat-part 05.phylogenetic_trees/sample1/consensus_tree/sample1_partitions.txt             --part-format nexus             >> logs/phylogeny_sample1.log 2>&1

        # Run IQ-TREE with partitioned analysis
        iqtree             -s 05.phylogenetic_trees/sample1/consensus_tree/sample1_concatenated_alignment.phy             -p 05.phylogenetic_trees/sample1/consensus_tree/sample1_partitions.txt             -T 8             -pre 05.phylogenetic_trees/sample1/consensus_tree/sample1             -m MFP+MERGE             -B 1000             --quiet             >> logs/phylogeny_sample1.log 2>&1

        # Clean up auxiliary files
        find 05.phylogenetic_trees/sample1/consensus_tree -type f !             \( -name "*.contree" -o -name "*.log" -o -name "*_concatenated_alignment.phy" -o -name "*_partitions.txt" \)             -delete 2>/dev/null || true' died with <Signals.SIGINT: 2>.
[Sun Jan 18 20:14:09 2026]
Error in rule phylogenetic_analysis:
    message: None
    jobid: 18
    input: 05.phylogenetic_trees/sample1/genes_ids.txt, 05.phylogenetic_trees/sample1/alignment_summary.txt, 03.probes_reconstruction/checkpoint/sample1_reconstruction_check.txt
    output: 05.phylogenetic_trees/sample1/consensus_tree/sample1_concatenated_alignment.phy, 05.phylogenetic_trees/sample1/consensus_tree/sample1_partitions.txt, 05.phylogenetic_trees/sample1/consensus_tree/sample1.log, 05.phylogenetic_trees/sample1/consensus_tree/sample1.contree
    log: logs/phylogeny_sample1.log (check log file(s) for error details)
    conda-env: /home/luisagi/tmp/mockdir/conda_envs/8b537158398ccf31fef7aa2deeccb2f2_
    shell:
        
        mkdir -p 05.phylogenetic_trees/sample1/consensus_tree

        # Concatenate alignments using AMAS
        AMAS.py concat             --in-files 05.phylogenetic_trees/sample1/alignments/*_alignment_clipkitted.fasta             --in-format fasta             --data-type dna             --concat-out 05.phylogenetic_trees/sample1/consensus_tree/sample1_concatenated_alignment.phy             --out-format phylip             --concat-part 05.phylogenetic_trees/sample1/consensus_tree/sample1_partitions.txt             --part-format nexus             >> logs/phylogeny_sample1.log 2>&1

        # Run IQ-TREE with partitioned analysis
        iqtree             -s 05.phylogenetic_trees/sample1/consensus_tree/sample1_concatenated_alignment.phy             -p 05.phylogenetic_trees/sample1/consensus_tree/sample1_partitions.txt             -T 8             -pre 05.phylogenetic_trees/sample1/consensus_tree/sample1             -m MFP+MERGE             -B 1000             --quiet             >> logs/phylogeny_sample1.log 2>&1

        # Clean up auxiliary files
        find 05.phylogenetic_trees/sample1/consensus_tree -type f !             \( -name "*.contree" -o -name "*.log" -o -name "*_concatenated_alignment.phy" -o -name "*_partitions.txt" \)             -delete 2>/dev/null || true
        
        (command exited with non-zero exit code)
Complete log(s): /home/luisagi/github/XfCapture/.snakemake/log/2026-01-18T195157.118211.snakemake.log
WorkflowError:
At least one job did not complete successfully.
